<?xml version="1.0" encoding="UTF-8"?>
<testsuite xmlns:xsi="http://www.w3.org/2001/XMLSchema-instance" xsi:noNamespaceSchemaLocation="https://maven.apache.org/surefire/maven-surefire-plugin/xsd/surefire-test-report.xsd" name="eu.jpereira.trainings.designpatterns.structural.adapter.SimpleDoorControllerTest" time="0.369" tests="5" errors="0" skipped="0" failures="0">
  <properties>
[...]
</properties>
  <testcase name="testShouldCloseDoor" classname="eu.jpereira.trainings.designpatterns.structural.adapter.SimpleDoorControllerTest" time="0.364"/>
  <testcase name="testShouldThrowExceptionForInexistentDoor" classname="eu.jpereira.trainings.designpatterns.structural.adapter.SimpleDoorControllerTest" time="0.001"/>
  <testcase name="testShouldThrowExceptionClosingNotManagedDoor" classname="eu.jpereira.trainings.designpatterns.structural.adapter.SimpleDoorControllerTest" time="0"/>
  <testcase name="testShouldOpenDoor" classname="eu.jpereira.trainings.designpatterns.structural.adapter.SimpleDoorControllerTest" time="0.001"/>
  <testcase name="testShouldNotAddSameElement" classname="eu.jpereira.trainings.designpatterns.structural.adapter.SimpleDoorControllerTest" time="0.001"/>
</testsuite>